<?xml version="1.0" encoding="UTF-8"?>
<!-- Generated by org.testng.reporters.JUnitReportReporter -->
<testsuite hostname="Owner-PC" name="Tests.LoginTest" tests="1" failures="0" timestamp="25 Sep 2018 14:24:05 GMT" time="0.020" errors="0">
  <testcase name="init" time="0.020" classname="Tests.LoginTest"/>
</testsuite> <!-- Tests.LoginTest -->
