<?xml version="1.0" encoding="UTF-8"?>
<!-- Generated by org.testng.reporters.JUnitReportReporter -->
<testsuite hostname="Owner-PC" name="Tests.HomePageTest" tests="1" failures="0" timestamp="26 Sep 2018 14:58:14 GMT" time="0.804" errors="0">
  <testcase name="link" time="0.804" classname="Tests.HomePageTest"/>
</testsuite> <!-- Tests.HomePageTest -->
